<?xml version="1.0" encoding="UTF-8"?>
<!-- Generated by org.testng.reporters.JUnitXMLReporter -->
<testsuite hostname="INAGFFPTEC230W" name="Regression1" tests="6" failures="0" timestamp="23 Mar 2016 10:20:33 GMT" time="1244.598" errors="0">
  <testcase name="Total_Price_Script" time="129.206" classname="com.fp.core.cheapoair.Total_Price_Check"/>
  <testcase name="Android_Feedback_Script" time="48.53" classname="com.fp.core.cheapoair.Android_Feedback"/>
  <testcase name="Login" time="34.761" classname="com.fp.core.cheapoair.Sign_In"/>
  <testcase name="Promo_Code_Verify" time="98.767" classname="com.fp.core.cheapoair.Promo_Code_Verification"/>
  <testcase name="Login" time="918.962" classname="com.fp.core.cheapoair.Add_CoTraveler"/>
  <testcase name="Del_Cotraveler" time="12.456" classname="com.fp.core.cheapoair.Delete_CoTraveler"/>
</testsuite> <!-- Regression1 -->
