<?xml version="1.0" encoding="UTF-8"?>
<!-- Generated by org.testng.reporters.JUnitXMLReporter -->
<testsuite hostname="INAGFFPTEC098W" name="exampletest4" tests="1" failures="1" timestamp="5 Jun 2015 12:07:35 GMT" time="0.017" errors="0">
  <testcase name="Promo_Calculation" time="0.0080" classname="com.fp.example.Promo_Code_Verification">
    <failure type="org.openqa.selenium.remote.SessionNotFoundException" message="
Command duration or timeout: 7 milliseconds
Build info: version: &amp;apos;2.45.0&amp;apos;, revision: &amp;apos;32a636c&amp;apos;, time: &amp;apos;2015-03-05 22:01:35&amp;apos;
System info: host: &amp;apos;INAGFFPTEC098W&amp;apos;, ip: &amp;apos;172.20.16.120&amp;apos;, os.name: &amp;apos;Windows 7&amp;apos;, os.arch: &amp;apos;x86&amp;apos;, os.version: &amp;apos;6.1&amp;apos;, java.version: &amp;apos;1.6.0_31&amp;apos;
*** Element info: {Using=name, value=Flights}
Session ID: 8e15f5f4-dcfa-448f-8373-9045b929d4b1
Driver info: io.appium.java_client.AppiumDriver
Capabilities [{platform=LINUX, app=C:\Appium\CheapoAir_AirHotel_3.0.15.apk, javascriptEnabled=true, appActivity=com.fp.cheapoair.Cheapoair, browserName=, networkConnectionEnabled=true, apppackage=com.fp.cheapoair, desired={platformVersion=5.1, app=C:\Appium\CheapoAir_AirHotel_3.0.15.apk, deviceName=motorola-nexus_6-ZX1G428LBP, platformName=Android, browserName=, appActivity=com.fp.cheapoair.Cheapoair, apppackage=com.fp.cheapoair}, locationContextEnabled=false, platformVersion=5.1, databaseEnabled=false, deviceName=ZX1G428LBP, platformName=Android, webStorageEnabled=false, warnings={}, takesScreenshot=true}]">
      <![CDATA[org.openqa.selenium.remote.SessionNotFoundException: 
Command duration or timeout: 7 milliseconds
Build info: version: '2.45.0', revision: '32a636c', time: '2015-03-05 22:01:35'
System info: host: 'INAGFFPTEC098W', ip: '172.20.16.120', os.name: 'Windows 7', os.arch: 'x86', os.version: '6.1', java.version: '1.6.0_31'
*** Element info: {Using=name, value=Flights}
Session ID: 8e15f5f4-dcfa-448f-8373-9045b929d4b1
Driver info: io.appium.java_client.AppiumDriver
Capabilities [{platform=LINUX, app=C:\Appium\CheapoAir_AirHotel_3.0.15.apk, javascriptEnabled=true, appActivity=com.fp.cheapoair.Cheapoair, browserName=, networkConnectionEnabled=true, apppackage=com.fp.cheapoair, desired={platformVersion=5.1, app=C:\Appium\CheapoAir_AirHotel_3.0.15.apk, deviceName=motorola-nexus_6-ZX1G428LBP, platformName=Android, browserName=, appActivity=com.fp.cheapoair.Cheapoair, apppackage=com.fp.cheapoair}, locationContextEnabled=false, platformVersion=5.1, databaseEnabled=false, deviceName=ZX1G428LBP, platformName=Android, webStorageEnabled=false, warnings={}, takesScreenshot=true}]
	at org.openqa.selenium.remote.ErrorHandler.createThrowable(ErrorHandler.java:204)
	at org.openqa.selenium.remote.ErrorHandler.throwIfResponseFailed(ErrorHandler.java:162)
	at org.openqa.selenium.remote.RemoteWebDriver.execute(RemoteWebDriver.java:599)
	at io.appium.java_client.AppiumDriver.execute(AppiumDriver.java:88)
	at org.openqa.selenium.remote.RemoteWebDriver.findElement(RemoteWebDriver.java:352)
	at org.openqa.selenium.remote.RemoteWebDriver.findElementByName(RemoteWebDriver.java:425)
	at org.openqa.selenium.By$ByName.findElement(By.java:299)
	at org.openqa.selenium.remote.RemoteWebDriver.findElement(RemoteWebDriver.java:344)
	at com.fp.example.testingapp.Search_Input(testingapp.java:120)
	at com.fp.example.Promo_Code_Verification.Promo_Calculation(Promo_Code_Verification.java:57)
... Removed 28 stack frames]]>
    </failure>
  </testcase> <!-- Promo_Calculation -->
</testsuite> <!-- exampletest4 -->
