<?xml version="1.0" encoding="UTF-8"?>
<testng-results skipped="0" failed="0" total="1" passed="1">
  <reporter-output>
  </reporter-output>
  <suite name="Default suite" duration-ms="15151" started-at="2015-11-20T14:36:56Z" finished-at="2015-11-20T14:37:11Z">
    <groups>
    </groups>
    <test name="Default test" duration-ms="15151" started-at="2015-11-20T14:36:56Z" finished-at="2015-11-20T14:37:11Z">
      <class name="Demo_Version">
        <test-method status="PASS" signature="testapp1()[pri:0, instance:Demo_Version@ae0e27]" name="testapp1" duration-ms="15140" started-at="2015-11-20T20:06:56Z" finished-at="2015-11-20T20:07:11Z">
          <reporter-output>
          </reporter-output>
        </test-method> <!-- testapp1 -->
      </class> <!-- Demo_Version -->
    </test> <!-- Default test -->
  </suite> <!-- Default suite -->
</testng-results>
