<?xml version="1.0" encoding="UTF-8"?>
<testng-results skipped="0" failed="0" total="1" passed="1">
  <reporter-output>
  </reporter-output>
  <suite name="Default suite" duration-ms="90032" started-at="2016-03-23T11:02:06Z" finished-at="2016-03-23T11:03:36Z">
    <groups>
    </groups>
    <test name="Default test" duration-ms="90032" started-at="2016-03-23T11:02:06Z" finished-at="2016-03-23T11:03:36Z">
      <class name="com.fp.core.cheapoair.Total_Price_Check">
        <test-method status="PASS" signature="Total_Price_Script()[pri:0, instance:com.fp.core.cheapoair.Total_Price_Check@1593791]" name="Total_Price_Script" duration-ms="89642" started-at="2016-03-23T16:32:06Z" finished-at="2016-03-23T16:33:36Z">
          <reporter-output>
          </reporter-output>
        </test-method> <!-- Total_Price_Script -->
        <test-method status="PASS" signature="Close_Instance()[pri:0, instance:com.fp.core.cheapoair.Total_Price_Check@1593791]" name="Close_Instance" is-config="true" duration-ms="375" started-at="2016-03-23T16:33:36Z" finished-at="2016-03-23T16:33:36Z">
          <reporter-output>
          </reporter-output>
        </test-method> <!-- Close_Instance -->
      </class> <!-- com.fp.core.cheapoair.Total_Price_Check -->
    </test> <!-- Default test -->
  </suite> <!-- Default suite -->
</testng-results>
